[2026-06-02T19:58:30.699] [DEBUG] debug-file - env: nodejsVersion=v18.20.1
[2026-06-02T19:58:33.390] [DEBUG] debug-file - Hvigor init with startParameters:{
  hvigorfileTypeCheck: false,
  parallelExecution: true,
  incrementalExecution: true,
  printStackTrace: false,
  daemon: false,
  analyze: 0,
  logLevel: Level { level: 20000, levelStr: 'INFO', colour: 'green' },
  optimizationStrategy: 'memory',
  hotCompile: undefined,
  hotReloadBuild: undefined,
  customizedParam: undefined
}
[2026-06-02T19:58:52.745] [DEBUG] debug-file - hvigorfile, require result:  { appTasks: [Getter] }
[2026-06-02T19:58:52.746] [DEBUG] debug-file - Starting plugin build process
[2026-06-02T19:58:52.879] [DEBUG] debug-file - App plugin register hook start...
[2026-06-02T19:58:52.895] [DEBUG] debug-file - Start recording SDK configuration permission data.
[2026-06-02T19:58:52.884] [DEBUG] debug-file - Obtain build option for product 'default'in this build.
[2026-06-02T19:58:52.881] [DEBUG] debug-file - Start initialize project's product build option map with build mode debug.
[2026-06-02T19:58:52.931] [DEBUG] debug-file - Project task initialization takes 5 ms 
[2026-06-02T19:58:52.949] [DEBUG] debug-file - Start initialize module-target build option map, moduleName=entry, buildMode=release
[2026-06-02T19:58:52.940] [DEBUG] debug-file - failed to load cangjie to dynamically generate schemas: Error: Cannot find module '@ohos/cangjie-build-support/index'
Require stack:
- D:\DevEco Studio\tools\hvigor\hvigor-ohos-plugin\src\plugin\hooks\cangjie-register.js
- D:\DevEco Studio\tools\hvigor\hvigor-ohos-plugin\src\plugin\strategy\stage-init-strategy.js
- D:\DevEco Studio\tools\hvigor\hvigor-ohos-plugin\src\plugin\builder\abstract-plugin-builder.js
- D:\DevEco Studio\tools\hvigor\hvigor-ohos-plugin\src\plugin\builder\app-plugin-builder.js
- D:\DevEco Studio\tools\hvigor\hvigor-ohos-plugin\src\plugin\factory\plugin-factory.js
- D:\DevEco Studio\tools\hvigor\hvigor-ohos-plugin\index.js
- C:\Users\Yancy\Desktop\SimpleCalculator-master\hvigorfile.ts
- D:\DevEco Studio\tools\hvigor\hvigor\src\base\internal\lifecycle\configuration.js
- D:\DevEco Studio\tools\hvigor\hvigor\src\base\boot\index.js
- D:\DevEco Studio\tools\hvigor\hvigor\src\cli\main\cli.js
- D:\DevEco Studio\tools\hvigor\hvigor\bin\hvigor.js
[2026-06-02T19:58:52.955] [DEBUG] debug-file - project has submodules:entry
[2026-06-02T19:58:52.956] [DEBUG] debug-file - start to load updatedOhPackageInfo to the disk
[2026-06-02T19:58:52.963] [DEBUG] debug-file - Start to initialize dependency information.
[2026-06-02T19:58:52.970] [DEBUG] debug-file - entry : clean cost memory 0.1119232177734375
[2026-06-02T19:58:52.991] [DEBUG] debug-file - Create  resident worker with id: 0.
[2026-06-02T19:58:30.700] [DEBUG] debug-file - env: hvigor-config.json5 content = { modelVersion: '5.0.5', dependencies: {} }
[2026-06-02T19:58:33.390] [DEBUG] debug-file - Since current hvigor version 6.22.4 differs from last hvigor version 
      undefined, delete file-cache.json and task-cache.json.
[2026-06-02T19:58:52.745] [DEBUG] debug-file - hvigorfile, binding system plugins { appTasks: [Getter] }
[2026-06-02T19:58:52.746] [DEBUG] debug-file - App plugin prepare start...
[2026-06-02T19:58:52.879] [DEBUG] debug-file - App plugin register hook end...
[2026-06-02T19:58:52.924] [DEBUG] debug-file - Sdk init in 40 ms 
[2026-06-02T19:58:52.885] [DEBUG] debug-file - No signingConfig found, initRemoteHspCache failed.
[2026-06-02T19:58:52.881] [DEBUG] debug-file - Picking option from product 'default' with build mode 'debug'.
[2026-06-02T19:58:52.931] [DEBUG] debug-file - hvigorfile, resolve finished C:\Users\Yancy\Desktop\SimpleCalculator-master\hvigorfile.ts
[2026-06-02T19:58:52.950] [DEBUG] debug-file - Target 'default' config initialized
[2026-06-02T19:58:52.959] [DEBUG] debug-file - load to the disk finished
[2026-06-02T19:58:52.965] [DEBUG] debug-file - Module entry Collected Dependency: 
[2026-06-02T19:58:52.970] [DEBUG] debug-file - runTaskFromQueue task cost before running: 19 s 586 ms 
[2026-06-02T19:58:52.994] [DEBUG] debug-file - Create  resident worker with id: 1.
[2026-06-02T19:58:30.702] [DEBUG] debug-file - env: daemon=false
[2026-06-02T19:58:33.390] [DEBUG] debug-file - Cache service initialization finished in 1 ms 
[2026-06-02T19:58:52.746] [DEBUG] debug-file - App plugin prepare end...
[2026-06-02T19:58:52.880] [DEBUG] debug-file - Plugin build process completed
[2026-06-02T19:58:52.886] [DEBUG] debug-file - Local scan or download HarmonyOS sdk components toolchains,ets,js,native,previewer
[2026-06-02T19:58:52.881] [DEBUG] debug-file - Product 'default' build option initialized
[2026-06-02T19:58:52.931] [DEBUG] debug-file - hvigorfile, resolving C:\Users\Yancy\Desktop\SimpleCalculator-master\entry\hvigorfile.ts
[2026-06-02T19:58:52.950] [DEBUG] debug-file - Module 'entry' target 'default' build option initialized
[2026-06-02T19:58:52.960] [DEBUG] debug-file - Start to initialize dependency information.
[2026-06-02T19:58:52.965] [DEBUG] debug-file - Module entry's total dependency: 0
[2026-06-02T19:58:30.702] [DEBUG] debug-file - no-daemon, use the parent process.execArgv --max-old-space-size=8192,--max-semi-space-size=16,--expose-gc
[2026-06-02T19:58:52.971] [INFO] debug-file - Finished :entry:clean... after 2 ms 
[2026-06-02T19:58:33.391] [DEBUG] debug-file - hvigorfile, resolving C:\Users\Yancy\Desktop\SimpleCalculator-master\hvigorfile.ts
[2026-06-02T19:58:52.997] [DEBUG] debug-file - Current worker pool is stopped or closed.
[2026-06-02T19:58:52.746] [DEBUG] debug-file - App plugin creating...
[2026-06-02T19:58:52.891] [DEBUG] debug-file - Local scan or download hmscore sdk components toolchains,ets,native
[2026-06-02T19:58:52.938] [DEBUG] debug-file - hvigorfile, require result:  { hapTasks: [Getter] }
[2026-06-02T19:58:52.881] [DEBUG] debug-file - End initialize project's product build option map with build mode 'debug'.
[2026-06-02T19:58:52.950] [DEBUG] debug-file - End initialize module-target build option map, moduleName=entry
[2026-06-02T19:58:52.961] [DEBUG] debug-file - Module SimpleCalculator-master Collected Dependency: 
[2026-06-02T19:58:52.967] [DEBUG] debug-file - Configuration phase cost:19 s 577 ms 
[2026-06-02T19:58:52.971] [DEBUG] debug-file - Executing task ::clean
[2026-06-02T19:58:52.998] [DEBUG] debug-file - Clear worker 0.
[2026-06-02T19:58:52.938] [DEBUG] debug-file - hvigorfile, binding system plugins { hapTasks: [Getter] }
[2026-06-02T19:58:52.950] [DEBUG] debug-file - Start initialize module-target build option map, moduleName=entry, buildMode=debug
[2026-06-02T19:58:52.961] [DEBUG] debug-file - Module SimpleCalculator-master's total dependency: 0
[2026-06-02T19:58:52.968] [DEBUG] debug-file - Configuration task cost before running: 19 s 584 ms 
[2026-06-02T19:58:52.998] [DEBUG] debug-file - Worker 0 has been cleared.
[2026-06-02T19:58:52.971] [DEBUG] debug-file - clean: Worker pool is inactive.
[2026-06-02T19:58:52.938] [DEBUG] debug-file - Starting plugin build process
[2026-06-02T19:58:52.950] [DEBUG] debug-file - Target 'default' config initialized
[2026-06-02T19:58:52.969] [DEBUG] debug-file - Executing task :entry:clean
[2026-06-02T19:58:52.998] [DEBUG] debug-file - Current idle worker size: 1.
[2026-06-02T19:58:52.971] [DEBUG] debug-file - SimpleCalculator-master : clean cost memory 0.020233154296875
[2026-06-02T19:58:52.938] [DEBUG] debug-file - Hap plugin creating...
[2026-06-02T19:58:52.969] [DEBUG] debug-file - clean: Worker pool is inactive.
[2026-06-02T19:58:52.950] [DEBUG] debug-file - Module 'entry' target 'default' build option initialized
[2026-06-02T19:58:52.998] [DEBUG] debug-file - Current busy worker size: 0.
[2026-06-02T19:58:52.971] [DEBUG] debug-file - runTaskFromQueue task cost before running: 19 s 587 ms 
[2026-06-02T19:58:52.998] [DEBUG] debug-file - Clear worker 1.
[2026-06-02T19:58:52.950] [DEBUG] debug-file - End initialize module-target build option map, moduleName=entry
[2026-06-02T19:58:52.971] [INFO] debug-file - Finished ::clean... after 1 ms 
[2026-06-02T19:58:52.998] [DEBUG] debug-file - Worker 1 has been cleared.
[2026-06-02T19:58:52.950] [DEBUG] debug-file - Start initialize module-target build option map, moduleName=entry, buildMode=debug
[2026-06-02T19:58:52.972] [DEBUG] debug-file - Executing task :entry:init
[2026-06-02T19:58:52.998] [DEBUG] debug-file - Current idle worker size: 0.
[2026-06-02T19:58:52.950] [DEBUG] debug-file - Target 'default' config initialized
[2026-06-02T19:58:52.972] [DEBUG] debug-file - entry : init cost memory 0.0126800537109375
[2026-06-02T19:58:52.998] [DEBUG] debug-file - Current busy worker size: 0.
[2026-06-02T19:58:52.950] [DEBUG] debug-file - Module 'entry' target 'default' build option initialized
[2026-06-02T19:58:52.972] [DEBUG] debug-file - runTaskFromQueue task cost before running: 19 s 588 ms 
[2026-06-02T19:58:52.999] [DEBUG] debug-file - hvigor build process will be closed.
[2026-06-02T19:58:52.950] [DEBUG] debug-file - End initialize module-target build option map, moduleName=entry
[2026-06-02T19:58:52.972] [INFO] debug-file - Finished :entry:init... after 1 ms 
[2026-06-02T19:58:53.003] [DEBUG] debug-file - worker[0] exits with exit code 0.
[2026-06-02T19:58:52.950] [DEBUG] debug-file - Obtain build option for module 'entry' target 'default'in this build.
[2026-06-02T19:58:52.972] [DEBUG] debug-file - Executing task ::init
[2026-06-02T19:58:53.004] [DEBUG] debug-file - Current worker pool is terminated.
[2026-06-02T19:58:52.954] [DEBUG] debug-file - Module entry task initialization takes 3 ms 
[2026-06-02T19:58:52.972] [DEBUG] debug-file - SimpleCalculator-master : init cost memory 0.01143646240234375
[2026-06-02T19:58:53.004] [DEBUG] debug-file - worker[1] exits with exit code 0.
[2026-06-02T19:58:52.954] [DEBUG] debug-file - Hap plugin register hook start...
[2026-06-02T19:58:52.972] [DEBUG] debug-file - runTaskFromQueue task cost before running: 19 s 588 ms 
[2026-06-02T19:58:52.954] [DEBUG] debug-file - Hap plugin register hook end...
[2026-06-02T19:58:52.972] [INFO] debug-file - Finished ::init... after 1 ms 
[2026-06-02T19:58:52.982] [DEBUG] debug-file - Obtain build option for module 'entry' target 'default'in this build.
[2026-06-02T19:58:52.954] [DEBUG] debug-file - Plugin build process completed
[2026-06-02T19:58:52.988] [DEBUG] debug-file - Since there is no instance or instance is terminated, create a new worker pool.
[2026-06-02T19:58:52.954] [DEBUG] debug-file - hvigorfile, resolve finished C:\Users\Yancy\Desktop\SimpleCalculator-master\entry\hvigorfile.ts
[2026-06-02T19:58:52.988] [DEBUG] debug-file - Worker pool is initialized with config:  {
  minPoolNum: 2,
  maxPoolNum: undefined,
  maxCoreSize: undefined,
  cacheCapacity: undefined,
  cacheTtl: undefined
}
[2026-06-02T20:00:18.461] [DEBUG] debug-file - env: nodejsVersion=v18.20.1
[2026-06-02T20:00:18.668] [DEBUG] debug-file - env: daemon=true
[2026-06-02T20:00:18.462] [DEBUG] debug-file - env: hvigor-config.json5 content = { modelVersion: '5.0.5', dependencies: {} }
[2026-06-02T20:00:21.335] [DEBUG] debug-file - java daemon tryConnect failed Error: connect ECONNREFUSED 127.0.0.1:45050
[2026-06-02T20:00:21.483] [DEBUG] debug-file - java daemon started at port 45050 pid 32436
[2026-06-02T20:00:21.504] [DEBUG] debug-file - session manager: set active socket. socketId=q_VuqPKOIQ4Zc9TFAAAB
[2026-06-02T20:00:21.913] [DEBUG] debug-file - watch worker: worker id should be larger than 0. Nothing will be sent to any worker thread.
[2026-06-02T20:00:21.916] [DEBUG] debug-file - Since there is no instance or instance is terminated, create a new worker pool.
[2026-06-02T20:00:21.916] [DEBUG] debug-file - Worker pool is initialized with config:  {
  minPoolNum: 2,
  maxPoolNum: undefined,
  maxCoreSize: undefined,
  cacheCapacity: undefined,
  cacheTtl: undefined
}
[2026-06-02T20:00:21.917] [DEBUG] debug-file - Create  resident worker with id: 0.
[2026-06-02T20:00:21.918] [DEBUG] debug-file - Create  resident worker with id: 1.
[2026-06-02T20:00:21.919] [DEBUG] debug-file - Workers' log level updated to INFO
[2026-06-02T20:00:21.925] [DEBUG] debug-file - Hvigor init with startParameters:{
  hvigorfileTypeCheck: false,
  parallelExecution: true,
  incrementalExecution: true,
  printStackTrace: false,
  daemon: true,
  analyze: 0,
  logLevel: Level { level: 20000, levelStr: 'INFO', colour: 'green' },
  optimizationStrategy: 'memory',
  hotCompile: undefined,
  hotReloadBuild: undefined,
  customizedParam: undefined
}
[2026-06-02T20:00:21.926] [DEBUG] debug-file - Cache service initialization finished in 1 ms 
[2026-06-02T20:00:21.927] [DEBUG] debug-file - hvigorfile, resolving C:\Users\Yancy\Desktop\SimpleCalculator-master\hvigorfile.ts
[2026-06-02T20:00:23.607] [DEBUG] debug-file - hvigorfile, require result:  {}
[2026-06-02T20:00:23.608] [DEBUG] debug-file - hvigorfile, binding system plugins {}
[2026-06-02T20:00:23.608] [DEBUG] debug-file - Starting plugin build process
[2026-06-02T20:00:23.608] [DEBUG] debug-file - App plugin prepare start...
[2026-06-02T20:00:23.608] [DEBUG] debug-file - App plugin prepare end...
[2026-06-02T20:00:23.608] [DEBUG] debug-file - App plugin creating...
[2026-06-02T20:00:23.730] [DEBUG] debug-file - App plugin register hook start...
[2026-06-02T20:00:23.731] [DEBUG] debug-file - App plugin register hook end...
[2026-06-02T20:00:23.731] [DEBUG] debug-file - Plugin build process completed
[2026-06-02T20:00:23.732] [DEBUG] debug-file - Start initialize project's product build option map with build mode debug.
[2026-06-02T20:00:23.732] [DEBUG] debug-file - Picking option from product 'default' with build mode 'debug'.
[2026-06-02T20:00:23.732] [DEBUG] debug-file - Product 'default' build option initialized
[2026-06-02T20:00:23.732] [DEBUG] debug-file - End initialize project's product build option map with build mode 'debug'.
[2026-06-02T20:00:23.733] [DEBUG] debug-file - Obtain build option for product 'default'in this build.
[2026-06-02T20:00:23.734] [DEBUG] debug-file - No signingConfig found, initRemoteHspCache failed.
[2026-06-02T20:00:23.736] [DEBUG] debug-file - Local scan or download HarmonyOS sdk components toolchains,ets,js,native,previewer
[2026-06-02T20:00:23.738] [DEBUG] debug-file - Local scan or download hmscore sdk components toolchains,ets,native
[2026-06-02T20:00:23.740] [DEBUG] debug-file - Start recording SDK configuration permission data.
[2026-06-02T20:00:23.763] [DEBUG] debug-file - Sdk init in 29 ms 
[2026-06-02T20:00:23.768] [DEBUG] debug-file - Project task initialization takes 4 ms 
[2026-06-02T20:00:23.768] [DEBUG] debug-file - hvigorfile, resolve finished C:\Users\Yancy\Desktop\SimpleCalculator-master\hvigorfile.ts
[2026-06-02T20:00:23.768] [DEBUG] debug-file - hvigorfile, resolving C:\Users\Yancy\Desktop\SimpleCalculator-master\entry\hvigorfile.ts
[2026-06-02T20:00:23.772] [DEBUG] debug-file - hvigorfile, require result:  {}
[2026-06-02T20:00:23.773] [DEBUG] debug-file - hvigorfile, binding system plugins {}
[2026-06-02T20:00:23.773] [DEBUG] debug-file - Starting plugin build process
[2026-06-02T20:00:23.773] [DEBUG] debug-file - Hap plugin creating...
[2026-06-02T20:00:23.774] [DEBUG] debug-file - failed to load cangjie to dynamically generate schemas: Error: Cannot find module '@ohos/cangjie-build-support/index'
Require stack:
- D:\DevEco Studio\tools\hvigor\hvigor-ohos-plugin\src\plugin\hooks\cangjie-register.js
- D:\DevEco Studio\tools\hvigor\hvigor-ohos-plugin\src\plugin\strategy\stage-init-strategy.js
- D:\DevEco Studio\tools\hvigor\hvigor-ohos-plugin\src\plugin\builder\abstract-plugin-builder.js
- D:\DevEco Studio\tools\hvigor\hvigor-ohos-plugin\src\plugin\builder\app-plugin-builder.js
- D:\DevEco Studio\tools\hvigor\hvigor-ohos-plugin\src\plugin\factory\plugin-factory.js
- D:\DevEco Studio\tools\hvigor\hvigor-ohos-plugin\index.js
- C:\Users\Yancy\Desktop\SimpleCalculator-master\hvigorfile.ts
- D:\DevEco Studio\tools\hvigor\hvigor\src\base\internal\lifecycle\configuration.js
- D:\DevEco Studio\tools\hvigor\hvigor\src\base\boot\index.js
- D:\DevEco Studio\tools\hvigor\hvigor\src\base\daemon\cluster\worker-process-lifecycle.js
- D:\DevEco Studio\tools\hvigor\hvigor\src\base\daemon\process\daemon-process-boot-script.js
[2026-06-02T20:00:23.782] [DEBUG] debug-file - Start initialize module-target build option map, moduleName=entry, buildMode=release
[2026-06-02T20:00:23.783] [DEBUG] debug-file - Target 'default' config initialized
[2026-06-02T20:00:23.783] [DEBUG] debug-file - Module 'entry' target 'default' build option initialized
[2026-06-02T20:00:23.783] [DEBUG] debug-file - End initialize module-target build option map, moduleName=entry
[2026-06-02T20:00:23.783] [DEBUG] debug-file - Start initialize module-target build option map, moduleName=entry, buildMode=debug
[2026-06-02T20:00:23.783] [DEBUG] debug-file - Target 'default' config initialized
[2026-06-02T20:00:23.783] [DEBUG] debug-file - Module 'entry' target 'default' build option initialized
[2026-06-02T20:00:23.783] [DEBUG] debug-file - End initialize module-target build option map, moduleName=entry
[2026-06-02T20:00:23.783] [DEBUG] debug-file - Start initialize module-target build option map, moduleName=entry, buildMode=debug
[2026-06-02T20:00:23.783] [DEBUG] debug-file - Target 'default' config initialized
[2026-06-02T20:00:23.783] [DEBUG] debug-file - Module 'entry' target 'default' build option initialized
[2026-06-02T20:00:23.783] [DEBUG] debug-file - End initialize module-target build option map, moduleName=entry
[2026-06-02T20:00:23.783] [DEBUG] debug-file - Obtain build option for module 'entry' target 'default'in this build.
[2026-06-02T20:00:23.787] [DEBUG] debug-file - Module entry task initialization takes 3 ms 
[2026-06-02T20:00:23.787] [DEBUG] debug-file - Hap plugin register hook start...
[2026-06-02T20:00:23.787] [DEBUG] debug-file - Hap plugin register hook end...
[2026-06-02T20:00:23.787] [DEBUG] debug-file - Plugin build process completed
[2026-06-02T20:00:23.787] [DEBUG] debug-file - hvigorfile, resolve finished C:\Users\Yancy\Desktop\SimpleCalculator-master\entry\hvigorfile.ts
[2026-06-02T20:00:23.798] [DEBUG] debug-file - hvigorfile, resolve hvigorfile dependencies in 10 ms 
[2026-06-02T20:00:23.798] [DEBUG] debug-file - project has submodules:entry
[2026-06-02T20:00:23.799] [DEBUG] debug-file - start to load updatedOhPackageInfo to the disk
[2026-06-02T20:00:23.805] [DEBUG] debug-file - load to the disk finished
[2026-06-02T20:00:23.806] [DEBUG] debug-file - Start to initialize dependency information.
[2026-06-02T20:00:23.807] [DEBUG] debug-file - Module SimpleCalculator-master Collected Dependency: 
[2026-06-02T20:00:23.809] [DEBUG] debug-file - Module SimpleCalculator-master's total dependency: 0
[2026-06-02T20:00:23.810] [DEBUG] debug-file - Start to initialize dependency information.
[2026-06-02T20:00:23.812] [DEBUG] debug-file - Module entry Collected Dependency: 
[2026-06-02T20:00:23.812] [DEBUG] debug-file - Module entry's total dependency: 0
[2026-06-02T20:00:23.814] [DEBUG] debug-file - Configuration phase cost:1 s 889 ms 
[2026-06-02T20:00:23.816] [DEBUG] debug-file - Configuration task cost before running: 1 s 896 ms 
[2026-06-02T20:00:23.820] [DEBUG] debug-file - Executing task :entry:default@PreBuild
[2026-06-02T20:00:23.822] [DEBUG] debug-file - Task 'entry:default@PreBuild' cost while wrapping incremental declarations: 1 ms 
[2026-06-02T20:00:23.964] [DEBUG] debug-file - current product is not Atomic service.
[2026-06-02T20:00:23.964] [DEBUG] debug-file - Use tool [win32: JAVA_HOME, CLASSPATH]
 [ { JAVA_HOME: 'D:\\DevEco Studio\\jbr' }, { CLASSPATH: undefined } ]
[2026-06-02T20:00:23.964] [DEBUG] debug-file - Use tool [win32: NODE_HOME]
 [ { NODE_HOME: 'D:\\DevEco Studio\\tools\\node' } ]
[2026-06-02T20:00:23.965] [DEBUG] debug-file - entry : default@PreBuild cost memory 17.69195556640625
[2026-06-02T20:00:23.965] [DEBUG] debug-file - runTaskFromQueue task cost before running: 2 s 46 ms 
[2026-06-02T20:00:23.967] [INFO] debug-file - Finished :entry:default@PreBuild... after 145 ms 
[2026-06-02T20:00:23.968] [DEBUG] debug-file - Executing task :entry:default@CreateModuleInfo
[2026-06-02T20:00:23.968] [DEBUG] debug-file - Task 'entry:default@CreateModuleInfo' cost while wrapping incremental declarations: 1 ms 
[2026-06-02T20:00:23.968] [DEBUG] debug-file - entry : default@CreateModuleInfo cost memory 0.04293060302734375
[2026-06-02T20:00:23.968] [DEBUG] debug-file - runTaskFromQueue task cost before running: 2 s 48 ms 
[2026-06-02T20:00:23.968] [INFO] debug-file - Finished :entry:default@CreateModuleInfo... after 1 ms 
[2026-06-02T20:00:23.969] [DEBUG] debug-file - Executing task :entry:default@GenerateMetadata
[2026-06-02T20:00:23.970] [DEBUG] debug-file - Task 'entry:default@GenerateMetadata' cost while wrapping incremental declarations: 1 ms 
[2026-06-02T20:00:23.971] [DEBUG] debug-file - entry : default@GenerateMetadata cost memory 0.2998504638671875
[2026-06-02T20:00:23.972] [DEBUG] debug-file - runTaskFromQueue task cost before running: 2 s 52 ms 
[2026-06-02T20:00:23.972] [INFO] debug-file - Finished :entry:default@GenerateMetadata... after 3 ms 
[2026-06-02T20:00:23.972] [DEBUG] debug-file - Executing task :entry:default@ConfigureCmake
[2026-06-02T20:00:23.973] [DEBUG] debug-file - entry : default@ConfigureCmake cost memory 0.0145263671875
[2026-06-02T20:00:23.973] [DEBUG] debug-file - runTaskFromQueue task cost before running: 2 s 53 ms 
[2026-06-02T20:00:23.973] [INFO] debug-file - Finished :entry:default@ConfigureCmake... after 1 ms 
[2026-06-02T20:00:23.974] [DEBUG] debug-file - Executing task :entry:default@MergeProfile
[2026-06-02T20:00:23.974] [DEBUG] debug-file - Task 'entry:default@MergeProfile' cost while wrapping incremental declarations: 1 ms 
[2026-06-02T20:00:23.974] [DEBUG] debug-file - Change app api release type with 'Release'
[2026-06-02T20:00:23.975] [DEBUG] debug-file - Change app compile API version with '6.0.2.130'
[2026-06-02T20:00:23.975] [DEBUG] debug-file - Change app target API version with '60002022'
[2026-06-02T20:00:23.975] [DEBUG] debug-file - Change app minimum API version with '50005017'
[2026-06-02T20:00:23.975] [DEBUG] debug-file - Use cli appEnvironment
[2026-06-02T20:00:23.976] [DEBUG] debug-file - entry : default@MergeProfile cost memory 0.14913177490234375
[2026-06-02T20:00:23.976] [DEBUG] debug-file - runTaskFromQueue task cost before running: 2 s 57 ms 
[2026-06-02T20:00:23.976] [INFO] debug-file - Finished :entry:default@MergeProfile... after 3 ms 
[2026-06-02T20:00:23.977] [DEBUG] debug-file - Executing task :entry:default@CreateBuildProfile
[2026-06-02T20:00:23.978] [DEBUG] debug-file - Task 'entry:default@CreateBuildProfile' cost while wrapping incremental declarations: 1 ms 
[2026-06-02T20:00:23.979] [DEBUG] debug-file - entry : default@CreateBuildProfile cost memory 0.06851959228515625
[2026-06-02T20:00:23.979] [DEBUG] debug-file - runTaskFromQueue task cost before running: 2 s 60 ms 
[2026-06-02T20:00:23.980] [INFO] debug-file - Finished :entry:default@CreateBuildProfile... after 3 ms 
[2026-06-02T20:00:23.980] [DEBUG] debug-file - Executing task :entry:default@PreCheckSyscap
[2026-06-02T20:00:23.981] [DEBUG] debug-file - entry : default@PreCheckSyscap cost memory 0.01476287841796875
[2026-06-02T20:00:23.981] [DEBUG] debug-file - runTaskFromQueue task cost before running: 2 s 61 ms 
[2026-06-02T20:00:23.981] [INFO] debug-file - Finished :entry:default@PreCheckSyscap... after 1 ms 
[2026-06-02T20:00:23.982] [DEBUG] debug-file - Executing task :entry:default@GeneratePkgContextInfo
[2026-06-02T20:00:23.990] [DEBUG] debug-file - Task 'entry:default@GeneratePkgContextInfo' cost while wrapping incremental declarations: 1 ms 
[2026-06-02T20:00:23.990] [DEBUG] debug-file - entry : default@GeneratePkgContextInfo cost memory -10.556289672851562
[2026-06-02T20:00:23.990] [DEBUG] debug-file - runTaskFromQueue task cost before running: 2 s 71 ms 
[2026-06-02T20:00:23.990] [INFO] debug-file - Finished :entry:default@GeneratePkgContextInfo... after 9 ms 
[2026-06-02T20:00:23.993] [DEBUG] debug-file - Executing task :entry:default@ProcessIntegratedHsp
[2026-06-02T20:00:23.993] [DEBUG] debug-file - entry : default@ProcessIntegratedHsp cost memory 0.030487060546875
[2026-06-02T20:00:23.993] [DEBUG] debug-file - runTaskFromQueue task cost before running: 2 s 74 ms 
[2026-06-02T20:00:23.993] [INFO] debug-file - Finished :entry:default@ProcessIntegratedHsp... after 1 ms 
[2026-06-02T20:00:23.994] [DEBUG] debug-file - Executing task :entry:default@BuildNativeWithCmake
[2026-06-02T20:00:23.994] [DEBUG] debug-file - entry : default@BuildNativeWithCmake cost memory 0.0149078369140625
[2026-06-02T20:00:23.995] [DEBUG] debug-file - runTaskFromQueue task cost before running: 2 s 75 ms 
[2026-06-02T20:00:23.995] [INFO] debug-file - Finished :entry:default@BuildNativeWithCmake... after 1 ms 
[2026-06-02T20:00:23.995] [DEBUG] debug-file - Executing task :entry:default@MakePackInfo
[2026-06-02T20:00:23.996] [DEBUG] debug-file - Module Pack Info:  {
  summary: {
    app: { bundleName: 'c***r', bundleType: 'app', version: [Object] },
    modules: [ [Object] ]
  },
  packages: [
    {
      deviceType: [Array],
      moduleType: 'entry',
      deliveryWithInstall: true,
      name: 'entry-default'
    }
  ]
}
[2026-06-02T20:00:23.998] [DEBUG] debug-file - entry : default@MakePackInfo cost memory 0.14656829833984375
[2026-06-02T20:00:23.998] [DEBUG] debug-file - runTaskFromQueue task cost before running: 2 s 78 ms 
[2026-06-02T20:00:23.998] [INFO] debug-file - Finished :entry:default@MakePackInfo... after 3 ms 
[2026-06-02T20:00:23.999] [DEBUG] debug-file - Executing task :entry:default@SyscapTransform
[2026-06-02T20:00:23.999] [DEBUG] debug-file - File: 'C:\Users\Yancy\Desktop\SimpleCalculator-master\entry\src\main\syscap.json' from 'sysCapJsonPath' is not exists, just ignore.
[2026-06-02T20:00:24.000] [DEBUG] debug-file - Task 'entry:default@SyscapTransform' cost while wrapping incremental declarations: 2 ms 
[2026-06-02T20:00:24.001] [DEBUG] debug-file - entry : default@SyscapTransform cost memory 0.0569305419921875
[2026-06-02T20:00:24.001] [DEBUG] debug-file - runTaskFromQueue task cost before running: 2 s 81 ms 
[2026-06-02T20:00:24.001] [INFO] debug-file - Finished :entry:default@SyscapTransform... after 3 ms 
[2026-06-02T20:00:24.002] [DEBUG] debug-file - Executing task :entry:default@ProcessProfile
[2026-06-02T20:00:24.003] [DEBUG] debug-file - Task 'entry:default@ProcessProfile' cost while wrapping incremental declarations: 1 ms 
[2026-06-02T20:00:24.005] [DEBUG] debug-file - [
  'D:\\DevEco Studio\\tools\\node\\node.exe',
  'D:\\DevEco Studio\\sdk\\default\\openharmony\\ets\\build-tools\\ets-loader\\bin\\ark\\ts2abc.js',
  '--target-api-version',
  '17'
]
[2026-06-02T20:00:24.426] [DEBUG] debug-file - 12.0.6.0
[2026-06-02T20:00:24.432] [DEBUG] debug-file - No need to add fake ui ability because of not in preview process.
[2026-06-02T20:00:24.434] [DEBUG] debug-file - entry : default@ProcessProfile cost memory 2.0210189819335938
[2026-06-02T20:00:24.434] [DEBUG] debug-file - runTaskFromQueue task cost before running: 2 s 514 ms 
[2026-06-02T20:00:24.435] [INFO] debug-file - Finished :entry:default@ProcessProfile... after 432 ms 
[2026-06-02T20:00:24.437] [DEBUG] debug-file - Executing task :entry:default@ProcessRouterMap
[2026-06-02T20:00:24.444] [DEBUG] debug-file - entry : default@ProcessRouterMap cost memory 0.08917999267578125
[2026-06-02T20:00:24.444] [DEBUG] debug-file - runTaskFromQueue task cost before running: 2 s 524 ms 
[2026-06-02T20:00:24.445] [INFO] debug-file - Finished :entry:default@ProcessRouterMap... after 7 ms 
[2026-06-02T20:00:24.448] [DEBUG] debug-file - Executing task :entry:default@ProcessShareConfig
[2026-06-02T20:00:24.453] [DEBUG] debug-file - entry : default@ProcessShareConfig cost memory 0.0700836181640625
[2026-06-02T20:00:24.453] [DEBUG] debug-file - runTaskFromQueue task cost before running: 2 s 534 ms 
[2026-06-02T20:00:24.454] [INFO] debug-file - Finished :entry:default@ProcessShareConfig... after 6 ms 
[2026-06-02T20:00:24.456] [DEBUG] debug-file - Executing task :entry:default@ProcessStartupConfig
[2026-06-02T20:00:24.457] [DEBUG] debug-file - Task 'entry:default@ProcessStartupConfig' cost while wrapping incremental declarations: 1 ms 
[2026-06-02T20:00:24.459] [DEBUG] debug-file - entry : default@ProcessStartupConfig cost memory 0.0637054443359375
[2026-06-02T20:00:24.459] [DEBUG] debug-file - runTaskFromQueue task cost before running: 2 s 539 ms 
[2026-06-02T20:00:24.460] [INFO] debug-file - Finished :entry:default@ProcessStartupConfig... after 3 ms 
[2026-06-02T20:00:24.462] [DEBUG] debug-file - Executing task :entry:default@BuildNativeWithNinja
[2026-06-02T20:00:24.465] [DEBUG] debug-file - entry : default@BuildNativeWithNinja cost memory 0.028167724609375
[2026-06-02T20:00:24.465] [DEBUG] debug-file - runTaskFromQueue task cost before running: 2 s 545 ms 
[2026-06-02T20:00:24.466] [INFO] debug-file - Finished :entry:default@BuildNativeWithNinja... after 4 ms 
[2026-06-02T20:00:24.468] [DEBUG] debug-file - restool module names: entry; moduleName=entry, taskName=default@ProcessResource
[2026-06-02T20:00:24.482] [DEBUG] debug-file - Executing task :entry:default@ProcessResource
[2026-06-02T20:00:24.482] [DEBUG] debug-file - Task 'entry:default@ProcessResource' cost while wrapping incremental declarations: 1 ms 
[2026-06-02T20:00:24.486] [DEBUG] debug-file - entry : default@ProcessResource cost memory 0.12354278564453125
[2026-06-02T20:00:24.488] [DEBUG] debug-file - runTaskFromQueue task cost before running: 2 s 568 ms 
[2026-06-02T20:00:24.489] [INFO] debug-file - Finished :entry:default@ProcessResource... after 17 ms 
[2026-06-02T20:00:24.493] [DEBUG] debug-file - Executing task :entry:default@GenerateLoaderJson
[2026-06-02T20:00:24.494] [DEBUG] debug-file - Task 'entry:default@GenerateLoaderJson' cost while wrapping incremental declarations: 1 ms 
[2026-06-02T20:00:24.510] [DEBUG] debug-file - entry : default@GenerateLoaderJson cost memory 0.5343856811523438
[2026-06-02T20:00:24.511] [DEBUG] debug-file - runTaskFromQueue task cost before running: 2 s 591 ms 
[2026-06-02T20:00:24.515] [INFO] debug-file - Finished :entry:default@GenerateLoaderJson... after 18 ms 
[2026-06-02T20:00:24.517] [DEBUG] debug-file - Executing task :entry:default@ProcessLibs
[2026-06-02T20:00:24.527] [DEBUG] debug-file - Worker dispatch failed, running processLibs on main thread.
[2026-06-02T20:00:24.529] [DEBUG] debug-file - entry : default@ProcessLibs cost memory 0.28920745849609375
[2026-06-02T20:00:24.529] [DEBUG] debug-file - runTaskFromQueue task cost before running: 2 s 610 ms 
[2026-06-02T20:00:24.531] [INFO] debug-file - Finished :entry:default@ProcessLibs... after 13 ms 
[2026-06-02T20:00:24.533] [DEBUG] debug-file - restool module names: entry; moduleName=entry, taskName=default@CompileResource
[2026-06-02T20:00:24.534] [DEBUG] debug-file - Executing task :entry:default@CompileResource
[2026-06-02T20:00:24.548] [DEBUG] debug-file - Use tool [D:\DevEco Studio\sdk\default\openharmony\toolchains\restool.exe]
 [
  'D:\\DevEco Studio\\sdk\\default\\openharmony\\toolchains\\restool.exe',
  '-l',
  'C:\\Users\\Yancy\\Desktop\\SimpleCalculator-master\\entry\\build\\default\\intermediates\\res\\default\\resConfig.json'
]
[2026-06-02T20:00:24.550] [DEBUG] debug-file - current process  memoryUsage: {
  rss: 266465280,
  heapTotal: 166375424,
  heapUsed: 139274424,
  external: 3086382,
  arrayBuffers: 185131
} os memoryUsage :20.44493865966797
[2026-06-02T20:00:24.719] [DEBUG] debug-file - Info: Pack: normal pack mode

[2026-06-02T20:00:25.098] [DEBUG] debug-file - Info: hardware concurrency count is : 24
Info: thread count is : 24

[2026-06-02T20:00:25.099] [DEBUG] debug-file - Info: thread pool is started
Info: GenericCompiler::CompileFiles

[2026-06-02T20:00:25.106] [DEBUG] debug-file - Info: GenericCompiler::CompileFiles

[2026-06-02T20:00:25.111] [DEBUG] debug-file - Info: GenericCompiler::CompileFiles

[2026-06-02T20:00:25.116] [DEBUG] debug-file - 06-02 20:00:25.115 33776 33780 E C01400/ImageTranscoderUtils: DecodeToRGBA IN
06-02 20:00:25.116 33776 33780 E C01400/ImageTranscoderUtils: ImageFilter IN C:\Users\Yancy\Desktop\SimpleCalculator-master\AppScope\resources\base\media\app_icon.png

[2026-06-02T20:00:25.125] [DEBUG] debug-file - 06-02 20:00:25.125 33776 33780 E C01400/ImageTranscoder: TranscodeSLR Only zoom-out is supported.
Warning: ScaleImage failed, error message: INVALID_PARAMETERS, file path = C:\Users\Yancy\Desktop\SimpleCalculator-master\AppScope\resources\base\media\app_icon.png

[2026-06-02T20:00:25.127] [DEBUG] debug-file - 06-02 20:00:25.127 33776 33780 E C01400/ImageTranscoderUtils: DecodeToRGBA IN
06-02 20:00:25.127 33776 33780 E C01400/ImageTranscoderUtils: ImageFilter IN C:\Users\Yancy\Desktop\SimpleCalculator-master\entry\src\main\resources\base\media\icon.png

[2026-06-02T20:00:25.128] [DEBUG] debug-file - 06-02 20:00:25.128 33776 33780 E C01400/ImageTranscoder: TranscodeSLR Only zoom-out is supported.
Warning: ScaleImage failed, error message: INVALID_PARAMETERS, file path = C:\Users\Yancy\Desktop\SimpleCalculator-master\entry\src\main\resources\base\media\icon.png

[2026-06-02T20:00:25.130] [DEBUG] debug-file - Warning: The width or height of the png file referenced by the icon exceeds the limit (41 pixels)
at C:\Users\Yancy\Desktop\SimpleCalculator-master\AppScope\resources\base\media\app_icon.png

[2026-06-02T20:00:25.131] [DEBUG] debug-file - Warning: The width or height of the png file referenced by the icon exceeds the limit (41 pixels)
at C:\Users\Yancy\Desktop\SimpleCalculator-master\entry\src\main\resources\base\media\icon.png

[2026-06-02T20:00:25.131] [DEBUG] debug-file - Info: restool resources compile success.

[2026-06-02T20:00:25.132] [DEBUG] debug-file - Info: thread pool is stopped

[2026-06-02T20:00:25.205] [DEBUG] debug-file - entry : default@CompileResource cost memory 0.6874237060546875
[2026-06-02T20:00:25.205] [DEBUG] debug-file - runTaskFromQueue task cost before running: 3 s 285 ms 
[2026-06-02T20:00:25.206] [INFO] debug-file - Finished :entry:default@CompileResource... after 672 ms 
[2026-06-02T20:00:25.208] [DEBUG] debug-file - Executing task :entry:default@DoNativeStrip
[2026-06-02T20:00:25.209] [DEBUG] debug-file - Task 'entry:default@DoNativeStrip' cost while wrapping incremental declarations: 1 ms 
[2026-06-02T20:00:25.212] [DEBUG] debug-file - entry : default@DoNativeStrip cost memory 0.06043243408203125
[2026-06-02T20:00:25.213] [DEBUG] debug-file - runTaskFromQueue task cost before running: 3 s 293 ms 
[2026-06-02T20:00:25.213] [INFO] debug-file - Finished :entry:default@DoNativeStrip... after 5 ms 
[2026-06-02T20:00:25.216] [DEBUG] debug-file - Executing task :entry:default@CompileArkTS
[2026-06-02T20:00:25.217] [DEBUG] debug-file - obfuscationOptions: undefined
[2026-06-02T20:00:25.219] [DEBUG] debug-file - Task 'entry:default@CompileArkTS' cost while wrapping incremental declarations: 1 ms 
[2026-06-02T20:00:25.239] [DEBUG] debug-file - build config:
[2026-06-02T20:00:25.240] [DEBUG] debug-file - {
  moduleType: 'entry',
  perf: 0,
  targetName: '.default',
  packageManagerType: 'ohpm',
  localPropertiesPath: 'C:\\Users\\Yancy\\Desktop\\SimpleCalculator-master\\local.properties',
  isPreview: false,
  isOhosTest: false,
  isLocalTest: false,
  buildMode: 'Debug',
  hotReloadBuild: undefined,
  watchMode: 'false',
  aceProfilePath: 'C:\\Users\\Yancy\\Desktop\\SimpleCalculator-master\\entry\\build\\default\\intermediates\\res\\default\\resources\\base\\profile',
  etsLoaderPath: 'D:\\DevEco Studio\\sdk\\default\\openharmony\\ets\\build-tools\\ets-loader',
  modulePath: 'C:\\Users\\Yancy\\Desktop\\SimpleCalculator-master\\entry',
  testFrameworkPar: {
    testMode: undefined,
    coveragePathFilter: undefined,
    coverageMode: undefined
  },
  needCoverageInsert: false,
  debugLine: false,
  projectTopDir: 'C:\\Users\\Yancy\\Desktop\\SimpleCalculator-master',
  compileSdkVersion: 22,
  compatibleSdkVersion: 17,
  originCompatibleSdkVersion: '5.0.5(17)',
  compatibleSdkVersionStage: undefined,
  bundleName: 'c***r',
  etsLoaderVersion: '6.0.2.130',
  etsLoaderReleaseType: 'Release',
  aotCompileMode: 'type',
  apPath: 'C:\\Users\\Yancy\\Desktop\\SimpleCalculator-master\\entry\\modules.ap',
  entryModuleName: 'entry',
  entryModuleVersion: '1.0.0',
  entryPackageName: 'entry',
  allModuleNameHash: '6144674ea9eedab29a401dfefcc9135db745177f29c485a81b9a53d1e7c9469b',
  externalApiPaths: [ 'D:\\DevEco Studio\\sdk\\default\\hms\\ets' ],
  compilerTypes: [],
  isCrossplatform: false,
  hvigorPluginFile: undefined,
  compilePluginPath: undefined,
  buildGeneratedProfilePath: 'C:\\Users\\Yancy\\Desktop\\SimpleCalculator-master\\entry\\build\\default\\generated\\profile\\default',
  bundleType: 'app',
  arkTSVersion: undefined,
  apiVersion: 22,
  needCompleteSourcesMap: false,
  isFaMode: false,
  buildDir: 'C:\\Users\\Yancy\\Desktop\\SimpleCalculator-master\\entry\\build',
  deviceTypes: [ 'phone' ],
  pkgContextInfo: undefined,
  ohPackagePathMap: {},
  dependencyAliasMap: {},
  permission: { requestPermissions: undefined, definePermissions: undefined },
  useGetCurrentBundleName: false,
  projectArkOption: undefined,
  sourceMapDir: undefined,
  branchElimination: false,
  transformLib: undefined,
  tsImportSendable: false,
  resolveConflictMode: true,
  depName2RootPath: {},
  depName2DepInfo: {},
  rootPathSet: [ 'C:\\Users\\Yancy\\Desktop\\SimpleCalculator-master' ],
  useNativeResolver: true,
  shouldEmitJs: true,
  useTscResolve: false,
  singleFileEmit: false,
  userProjectConfig: {
    autoLazyImport: false,
    allowEmptyBundleName: false,
    reExportCheckMode: 'noCheck',
    executionMode: 'memory',
    usePathPlaceholder: false,
    writeRollupCache: true,
    isExpandImportEnabled: false,
    expandImportExclude: '',
    lazyImportExclude: '',
    lazyImportInclude: '',
    ignoreCrossplatformCheck: false,
    isHarDeduplicateEnabled: false,
    skipOhModulesLint: false,
    enableStrictCheckOHModule: false,
    disableSendableCheckRules: [],
    useDeclarationFileSignature: false,
    customizedOptions: undefined,
    integratedHsp: false,
    isPreloadSoEnabled: false
  },
  executionMode: 'memory',
  arkCompileCachePath: 'C:\\Users\\Yancy\\Desktop\\SimpleCalculator-master\\entry\\build\\default\\cache\\default\\default@CompileArkTS\\esmodule',
  autoLazyFilter: undefined,
  isHarDeduplicateEnabled: false,
  intermediateHarDuplicateDirPath: 'C:\\Users\\Yancy\\Desktop\\SimpleCalculator-master\\entry\\build\\default\\intermediates\\har_duplicate\\default',
  autoLazyImport: false,
  allowEmptyBundleName: false,
  reExportCheckMode: 'noCheck',
  usePathPlaceholder: false,
  writeRollupCache: true,
  isExpandImportEnabled: false,
  expandImportExclude: '',
  lazyImportExclude: '',
  lazyImportInclude: '',
  ignoreCrossplatformCheck: false,
  skipOhModulesLint: false,
  enableStrictCheckOHModule: false,
  disableSendableCheckRules: [],
  useDeclarationFileSignature: false,
  customizedOptions: undefined,
  integratedHsp: false,
  isPreloadSoEnabled: false,
  strictMode: undefined,
  useNormalizedOHMUrl: false,
  caseSensitiveCheck: false,
  aceModuleJsonPath: 'C:\\Users\\Yancy\\Desktop\\SimpleCalculator-master\\entry\\build\\default\\intermediates\\res\\default\\ark_module.json',
  appResource: 'C:\\Users\\Yancy\\Desktop\\SimpleCalculator-master\\entry\\build\\default\\intermediates\\res\\default\\ResourceTable.txt',
  rawFileResource: 'C:\\Users\\Yancy\\Desktop\\SimpleCalculator-master\\entry\\build\\default\\intermediates\\res\\default\\resources\\rawfile',
  resourceTableHash: 'a42143dfb382c20c50a1576db40eed2e0ff845a1b80d745153d35d102e6a06b7',
  runtimeOS: 'HarmonyOS',
  sdkInfo: 'false:22:6.0.2.130:Release',
  aceModuleRoot: 'C:\\Users\\Yancy\\Desktop\\SimpleCalculator-master\\entry\\src\\main\\ets',
  compileMode: 'esmodule',
  aceSuperVisualPath: 'C:\\Users\\Yancy\\Desktop\\SimpleCalculator-master\\entry\\src\\main\\supervisual',
  aceBuildJson: 'C:\\Users\\Yancy\\Desktop\\SimpleCalculator-master\\entry\\build\\default\\intermediates\\loader\\default\\loader.json',
  cachePath: 'C:\\Users\\Yancy\\Desktop\\SimpleCalculator-master\\entry\\build\\default\\cache\\default\\default@CompileArkTS\\esmodule\\debug',
  aceModuleBuild: 'C:\\Users\\Yancy\\Desktop\\SimpleCalculator-master\\entry\\build\\default\\intermediates\\loader_out\\default\\ets',
  supportChunks: true,
  declaredFilesPath: undefined,
  shouldCollectDirectImportees: false,
  isByteCodeHarOptimize: false,
  expandImportPath: undefined,
  pkgNameToPkgBriefInfo: {
    entry: {
      pkgRoot: 'C:\\Users\\Yancy\\Desktop\\SimpleCalculator-master\\entry',
      originalSourceRoots: undefined,
      sourceRoots: [Array],
      pkgName: 'entry'
    }
  },
  projectModel: {
    'C:\\Users\\Yancy\\Desktop\\SimpleCalculator-master\\entry\\src\\main': {
      moduleName: 'entry',
      modulePkgPath: 'C:\\Users\\Yancy\\Desktop\\SimpleCalculator-master\\entry',
      belongProjectPath: 'C:\\Users\\Yancy\\Desktop\\SimpleCalculator-master'
    },
    'C:\\Users\\Yancy\\Desktop\\SimpleCalculator-master\\entry': {
      moduleName: 'entry',
      modulePkgPath: 'C:\\Users\\Yancy\\Desktop\\SimpleCalculator-master\\entry',
      belongProjectPath: 'C:\\Users\\Yancy\\Desktop\\SimpleCalculator-master'
    },
    'C:\\Users\\Yancy\\Desktop\\SimpleCalculator-master': {
      moduleName: 'SimpleCalculator-master',
      modulePkgPath: 'C:\\Users\\Yancy\\Desktop\\SimpleCalculator-master',
      belongProjectPath: 'C:\\Users\\Yancy\\Desktop\\SimpleCalculator-master'
    }
  },
  pkgJsonFileHash: 'b8f845c80dd835f66b66e997925975ab6c1e0cb4ef1f7ec1607facc48e7024d5',
  allModulePaths: [ 'C:\\Users\\Yancy\\Desktop\\SimpleCalculator-master\\entry' ],
  routerMap: {},
  obfuscationOptions: undefined,
  byteCodeHarToDependencyKeys: undefined,
  compileBlockPkg: [],
  mockParams: {
    decorator: '@MockSetup',
    packageName: '@ohos/hamock',
    etsSourceRootPath: 'src/main/ets',
    mockConfigPath: undefined,
    mockConfigKey2ModuleInfo: {},
    source2ModuleIdMap: {}
  },
  copyCodeResourceEnable: true,
  copyCodeResourceExcludes: [],
  copyCodeResourceIncludes: undefined,
  uiTransformOptimization: false,
  sdkPath: 'D:/DevEco Studio/sdk',
  needPreloadSoFileSet: {},
  preloadSoFilePath: 'C:\\Users\\Yancy\\Desktop\\SimpleCalculator-master\\entry\\build\\default\\intermediates\\preload\\default\\preload.json',
  useSourceHash: false,
  localModuleParamMap: {},
  otherPaths: {
    'entry/*': [
      '..\\*',
      '..\\..\\..\\build\\default\\generated\\profile\\default\\*'
    ]
  },
  collectImportersConfig: undefined
}
[2026-06-02T20:00:25.240] [DEBUG] debug-file - Compile arkts with external api path: D:\DevEco Studio\sdk\default\hms\ets
[2026-06-02T20:00:25.243] [DEBUG] debug-file - default@CompileArkTS work[0] is submitted.
[2026-06-02T20:00:25.244] [DEBUG] debug-file - default@CompileArkTS work[0] is pushed to ready queue.
[2026-06-02T20:00:25.244] [DEBUG] debug-file - A work dispatched to worker[23] failed because unable to get work from ready queue.
[2026-06-02T20:00:25.245] [DEBUG] debug-file - A work dispatched to worker[22] failed because unable to get work from ready queue.
[2026-06-02T20:00:25.245] [DEBUG] debug-file - A work dispatched to worker[21] failed because unable to get work from ready queue.
[2026-06-02T20:00:25.245] [DEBUG] debug-file - A work dispatched to worker[20] failed because unable to get work from ready queue.
[2026-06-02T20:00:25.245] [DEBUG] debug-file - A work dispatched to worker[19] failed because unable to get work from ready queue.
[2026-06-02T20:00:25.245] [DEBUG] debug-file - A work dispatched to worker[18] failed because unable to get work from ready queue.
[2026-06-02T20:00:25.245] [DEBUG] debug-file - A work dispatched to worker[17] failed because unable to get work from ready queue.
[2026-06-02T20:00:25.245] [DEBUG] debug-file - A work dispatched to worker[16] failed because unable to get work from ready queue.
[2026-06-02T20:00:25.245] [DEBUG] debug-file - A work dispatched to worker[15] failed because unable to get work from ready queue.
[2026-06-02T20:00:25.245] [DEBUG] debug-file - A work dispatched to worker[14] failed because unable to get work from ready queue.
[2026-06-02T20:00:25.245] [DEBUG] debug-file - A work dispatched to worker[13] failed because unable to get work from ready queue.
[2026-06-02T20:00:25.245] [DEBUG] debug-file - A work dispatched to worker[12] failed because unable to get work from ready queue.
[2026-06-02T20:00:25.245] [DEBUG] debug-file - A work dispatched to worker[11] failed because unable to get work from ready queue.
[2026-06-02T20:00:25.245] [DEBUG] debug-file - A work dispatched to worker[10] failed because unable to get work from ready queue.
[2026-06-02T20:00:25.245] [DEBUG] debug-file - A work dispatched to worker[9] failed because unable to get work from ready queue.
[2026-06-02T20:00:25.245] [DEBUG] debug-file - A work dispatched to worker[8] failed because unable to get work from ready queue.
[2026-06-02T20:00:25.245] [DEBUG] debug-file - A work dispatched to worker[7] failed because unable to get work from ready queue.
[2026-06-02T20:00:25.245] [DEBUG] debug-file - A work dispatched to worker[6] failed because unable to get work from ready queue.
[2026-06-02T20:00:25.245] [DEBUG] debug-file - A work dispatched to worker[5] failed because unable to get work from ready queue.
[2026-06-02T20:00:25.246] [DEBUG] debug-file - Create  resident worker with id: 4.
[2026-06-02T20:00:25.247] [DEBUG] debug-file - default@CompileArkTS work[0] has been dispatched to worker[4].
[2026-06-02T20:00:25.248] [DEBUG] debug-file - default@CompileArkTS work[0] is dispatched.
[2026-06-02T20:00:25.248] [DEBUG] debug-file - CopyResources startTime: 251130516406700
[2026-06-02T20:00:25.248] [DEBUG] debug-file - default@CompileArkTS work[1] is submitted.
[2026-06-02T20:00:25.248] [DEBUG] debug-file - default@CompileArkTS work[1] is pushed to ready queue.
[2026-06-02T20:00:25.248] [DEBUG] debug-file - A work dispatched to worker[23] failed because unable to get work from ready queue.
[2026-06-02T20:00:25.248] [DEBUG] debug-file - Create  resident worker with id: 22.
[2026-06-02T20:00:25.250] [DEBUG] debug-file - default@CompileArkTS work[1] has been dispatched to worker[22].
[2026-06-02T20:00:25.250] [DEBUG] debug-file - default@CompileArkTS work[1] is dispatched.
[2026-06-02T20:00:25.250] [DEBUG] debug-file - entry : default@CompileArkTS cost memory 1.96661376953125
[2026-06-02T20:00:25.252] [DEBUG] debug-file - Executing task :entry:default@BuildJS
[2026-06-02T20:00:25.253] [DEBUG] debug-file - Task 'entry:default@BuildJS' cost while wrapping incremental declarations: 1 ms 
[2026-06-02T20:00:25.257] [DEBUG] debug-file - entry : default@BuildJS cost memory 0.15741729736328125
[2026-06-02T20:00:25.257] [DEBUG] debug-file - runTaskFromQueue task cost before running: 3 s 337 ms 
[2026-06-02T20:00:25.257] [INFO] debug-file - Finished :entry:default@BuildJS... after 5 ms 
[2026-06-02T20:00:25.259] [DEBUG] debug-file - Executing task :entry:default@CacheNativeLibs
[2026-06-02T20:00:25.260] [DEBUG] debug-file - Task 'entry:default@CacheNativeLibs' cost while wrapping incremental declarations: 1 ms 
[2026-06-02T20:00:25.260] [DEBUG] debug-file - default@CacheNativeLibs work[2] is submitted.
[2026-06-02T20:00:25.260] [DEBUG] debug-file - default@CacheNativeLibs work[2] is pushed to ready queue.
[2026-06-02T20:00:25.261] [DEBUG] debug-file - A work dispatched to worker[23] failed because unable to get work from ready queue.
[2026-06-02T20:00:25.261] [DEBUG] debug-file - A work dispatched to worker[22] failed because of worker busy.
[2026-06-02T20:00:25.261] [DEBUG] debug-file - Create  resident worker with id: 21.
[2026-06-02T20:00:25.262] [DEBUG] debug-file - default@CacheNativeLibs work[2] has been dispatched to worker[21].
[2026-06-02T20:00:25.262] [DEBUG] debug-file - default@CacheNativeLibs work[2] is dispatched.
[2026-06-02T20:00:25.262] [DEBUG] debug-file - entry : default@CacheNativeLibs cost memory 0.1501617431640625
[2026-06-02T20:00:26.786] [DEBUG] debug-file - worker[22] has one work done.
[2026-06-02T20:00:26.787] [DEBUG] debug-file - CopyResources is end, endTime: 251132055275100
[2026-06-02T20:00:26.787] [DEBUG] debug-file - default@CompileArkTS work[1] done.
[2026-06-02T20:00:26.787] [DEBUG] debug-file - A work dispatched to worker[22] failed because unable to get work from ready queue.
[2026-06-02T20:00:26.943] [DEBUG] debug-file - worker[21] has one work done.
[2026-06-02T20:00:26.943] [DEBUG] debug-file - default@CacheNativeLibs work[2] done.
[2026-06-02T20:00:26.943] [DEBUG] debug-file - A work dispatched to worker[21] failed because unable to get work from ready queue.
[2026-06-02T20:00:26.944] [INFO] debug-file - Finished :entry:default@CacheNativeLibs... after 13 ms 
[2026-06-02T20:00:53.550] [WARN] debug-file - [33mWARN: [33mArkTS:WARN File: C:/Users/Yancy/Desktop/SimpleCalculator-master/entry/src/main/ets/entryability/EntryAbility.ts:24:23
 Cannot find name 'UIContext'.[39m[39m

[2026-06-02T20:00:53.551] [DEBUG] debug-file - Ark compile task finished.finished time is 251158819751100
[2026-06-02T20:00:53.552] [DEBUG] debug-file - worker[4] has one work done.
[2026-06-02T20:00:53.555] [DEBUG] debug-file - default@CompileArkTS work[0] done.
[2026-06-02T20:00:53.555] [DEBUG] debug-file - A work dispatched to worker[4] failed because unable to get work from ready queue.
[2026-06-02T20:00:53.557] [INFO] debug-file - Finished :entry:default@CompileArkTS... after 24 s 510 ms 
[2026-06-02T20:00:53.558] [DEBUG] debug-file - Executing task :entry:default@GeneratePkgModuleJson
[2026-06-02T20:00:53.558] [DEBUG] debug-file - File: 'C:\Users\Yancy\Desktop\SimpleCalculator-master\entry\build\default\intermediates\preload\default\preload.json' from 'preloadSoJsonPath' is not exists, just ignore.
[2026-06-02T20:00:53.559] [DEBUG] debug-file - Error occurs while handling @Input 'shouldDeduplicateHar': The "data" argument must be of type string or an instance of Buffer, TypedArray, or DataView. Received undefined
[2026-06-02T20:00:53.559] [DEBUG] debug-file - Task 'entry:default@GeneratePkgModuleJson' cost while wrapping incremental declarations: 1 ms 
[2026-06-02T20:00:53.561] [DEBUG] debug-file - entry : default@GeneratePkgModuleJson cost memory 0.16573333740234375
[2026-06-02T20:00:53.561] [DEBUG] debug-file - runTaskFromQueue task cost before running: 31 s 641 ms 
[2026-06-02T20:00:53.561] [INFO] debug-file - Finished :entry:default@GeneratePkgModuleJson... after 4 ms 
[2026-06-02T20:00:53.562] [DEBUG] debug-file - Executing task :entry:default@ProcessCompiledResources
[2026-06-02T20:00:53.562] [DEBUG] debug-file - File: 'C:\Users\Yancy\Desktop\SimpleCalculator-master\entry\build\default\intermediates\preload\default\preload.json' from 'preloadSoJsonPath' is not exists, just ignore.
[2026-06-02T20:00:53.562] [DEBUG] debug-file - Task 'entry:default@ProcessCompiledResources' cost while wrapping incremental declarations: 1 ms 
[2026-06-02T20:00:53.562] [DEBUG] debug-file - entry : default@ProcessCompiledResources cost memory 0.0601959228515625
[2026-06-02T20:00:53.563] [DEBUG] debug-file - runTaskFromQueue task cost before running: 31 s 643 ms 
[2026-06-02T20:00:53.563] [INFO] debug-file - Finished :entry:default@ProcessCompiledResources... after 1 ms 
[2026-06-02T20:00:53.564] [DEBUG] debug-file - Executing task :entry:default@PackageHap
[2026-06-02T20:00:53.568] [DEBUG] debug-file - Use tool [D:\DevEco Studio\sdk\default\openharmony\toolchains\lib\app_packing_tool.jar]
 [
  'java',
  '-Dfile.encoding=GBK',
  '-jar',
  'D:\\DevEco Studio\\sdk\\default\\openharmony\\toolchains\\lib\\app_packing_tool.jar',
  '--mode',
  'hap',
  '--force',
  'true',
  '--lib-path',
  'C:\\Users\\Yancy\\Desktop\\SimpleCalculator-master\\entry\\build\\default\\intermediates\\stripped_native_libs\\default',
  '--json-path',
  'C:\\Users\\Yancy\\Desktop\\SimpleCalculator-master\\entry\\build\\default\\intermediates\\package\\default\\module.json',
  '--resources-path',
  'C:\\Users\\Yancy\\Desktop\\SimpleCalculator-master\\entry\\build\\default\\intermediates\\res\\default\\resources',
  '--index-path',
  'C:\\Users\\Yancy\\Desktop\\SimpleCalculator-master\\entry\\build\\default\\intermediates\\res\\default\\resources.index',
  '--pack-info-path',
  'C:\\Users\\Yancy\\Desktop\\SimpleCalculator-master\\entry\\build\\default\\outputs\\default\\pack.info',
  '--out-path',
  'C:\\Users\\Yancy\\Desktop\\SimpleCalculator-master\\entry\\build\\default\\outputs\\default\\entry-default-unsigned.hap',
  '--ets-path',
  'C:\\Users\\Yancy\\Desktop\\SimpleCalculator-master\\entry\\build\\default\\intermediates\\loader_out\\default\\ets'
]
[2026-06-02T20:00:53.962] [DEBUG] debug-file - java daemon socket received message:{"code":0,"message":"pack success"}
[2026-06-02T20:00:53.967] [DEBUG] debug-file - entry : default@PackageHap cost memory -0.45928192138671875
[2026-06-02T20:00:53.967] [DEBUG] debug-file - runTaskFromQueue task cost before running: 32 s 47 ms 
[2026-06-02T20:00:53.968] [INFO] debug-file - Finished :entry:default@PackageHap... after 403 ms 
[2026-06-02T20:00:53.969] [DEBUG] debug-file - Executing task :entry:default@PackingCheck
[2026-06-02T20:00:53.974] [DEBUG] debug-file - entry : default@PackingCheck cost memory 0.7641143798828125
[2026-06-02T20:00:53.974] [DEBUG] debug-file - runTaskFromQueue task cost before running: 32 s 55 ms 
[2026-06-02T20:00:53.975] [INFO] debug-file - Finished :entry:default@PackingCheck... after 6 ms 
[2026-06-02T20:00:53.978] [DEBUG] debug-file - Executing task :entry:default@SignHap
[2026-06-02T20:00:53.978] [WARN] debug-file - Will skip sign 'hos_hap'. No signingConfigs profile is configured in current project.
             If needed, configure the signingConfigs in C:\Users\Yancy\Desktop\SimpleCalculator-master\build-profile.json5.
[2026-06-02T20:00:53.980] [DEBUG] debug-file - entry : default@SignHap cost memory 0.05631256103515625
[2026-06-02T20:00:53.980] [DEBUG] debug-file - runTaskFromQueue task cost before running: 32 s 60 ms 
[2026-06-02T20:00:53.981] [INFO] debug-file - Finished :entry:default@SignHap... after 3 ms 
[2026-06-02T20:00:53.982] [DEBUG] debug-file - Executing task :entry:default@CollectDebugSymbol
[2026-06-02T20:00:53.984] [DEBUG] debug-file - entry : default@CollectDebugSymbol cost memory 0.09757232666015625
[2026-06-02T20:00:53.984] [DEBUG] debug-file - runTaskFromQueue task cost before running: 32 s 64 ms 
[2026-06-02T20:00:53.984] [INFO] debug-file - Finished :entry:default@CollectDebugSymbol... after 2 ms 
[2026-06-02T20:00:53.984] [DEBUG] debug-file - Executing task :entry:assembleHap
[2026-06-02T20:00:53.985] [DEBUG] debug-file - entry : assembleHap cost memory 0.0128326416015625
[2026-06-02T20:00:53.985] [DEBUG] debug-file - runTaskFromQueue task cost before running: 32 s 65 ms 
[2026-06-02T20:00:53.985] [INFO] debug-file - Finished :entry:assembleHap... after 1 ms 
[2026-06-02T20:00:54.001] [INFO] debug-file - BUILD SUCCESSFUL in 32 s 81 ms 
[2026-06-02T20:00:54.003] [DEBUG] debug-file - Update task entry:default@PreBuild input file:C:\Users\Yancy\Desktop\SimpleCalculator-master\AppScope\app.json5 cache by regenerate.
[2026-06-02T20:00:54.004] [DEBUG] debug-file - Update task entry:default@PreBuild input file:C:\Users\Yancy\Desktop\SimpleCalculator-master\entry\src\main\module.json5 cache by regenerate.
[2026-06-02T20:00:54.004] [DEBUG] debug-file - Update task entry:default@PreBuild input file:C:\Users\Yancy\Desktop\SimpleCalculator-master\build-profile.json5 cache by regenerate.
[2026-06-02T20:00:54.005] [DEBUG] debug-file - Update task entry:default@PreBuild input file:C:\Users\Yancy\Desktop\SimpleCalculator-master\entry\build-profile.json5 cache by regenerate.
[2026-06-02T20:00:54.005] [DEBUG] debug-file - Update task entry:default@PreBuild input file:C:\Users\Yancy\Desktop\SimpleCalculator-master\entry\src\main\resources\base\profile\main_pages.json cache by regenerate.
[2026-06-02T20:00:54.005] [DEBUG] debug-file - Update task entry:default@PreBuild input file:C:\Users\Yancy\Desktop\SimpleCalculator-master\hvigor\hvigor-config.json5 cache by regenerate.
[2026-06-02T20:00:54.005] [DEBUG] debug-file - Update task entry:default@PreBuild input file:C:\Users\Yancy\Desktop\SimpleCalculator-master\entry\oh-package.json5 cache by regenerate.
[2026-06-02T20:00:54.006] [DEBUG] debug-file - Update task entry:default@PreBuild input file:C:\Users\Yancy\Desktop\SimpleCalculator-master\oh-package.json5 cache by regenerate.
[2026-06-02T20:00:54.006] [DEBUG] debug-file - Incremental task entry:default@PreBuild post-execution cost:4 ms .
[2026-06-02T20:00:54.006] [DEBUG] debug-file - Update task entry:default@CreateModuleInfo output file:C:\Users\Yancy\Desktop\SimpleCalculator-master\entry\build\default\generated\profile\default\ModuleInfo.ts cache.
[2026-06-02T20:00:54.007] [DEBUG] debug-file - Incremental task entry:default@CreateModuleInfo post-execution cost:1 ms .
[2026-06-02T20:00:54.007] [DEBUG] debug-file - Update task entry:default@GenerateMetadata input file:C:\Users\Yancy\Desktop\SimpleCalculator-master\entry\src\main\module.json5 cache by regenerate.
[2026-06-02T20:00:54.007] [DEBUG] debug-file - Update task entry:default@GenerateMetadata output file:C:\Users\Yancy\Desktop\SimpleCalculator-master\entry\build\default\intermediates\hap_metadata\default\output_metadata.json cache.
[2026-06-02T20:00:54.008] [DEBUG] debug-file - Incremental task entry:default@GenerateMetadata post-execution cost:1 ms .
[2026-06-02T20:00:54.008] [DEBUG] debug-file - Update task entry:default@MergeProfile input file:C:\Users\Yancy\Desktop\SimpleCalculator-master\AppScope\app.json5 cache by regenerate.
[2026-06-02T20:00:54.009] [DEBUG] debug-file - Update task entry:default@MergeProfile input file:C:\Users\Yancy\Desktop\SimpleCalculator-master\build-profile.json5 cache by regenerate.
[2026-06-02T20:00:54.010] [DEBUG] debug-file - Update task entry:default@MergeProfile input file:C:\Users\Yancy\Desktop\SimpleCalculator-master\entry\src\main\module.json5 cache by regenerate.
[2026-06-02T20:00:54.010] [DEBUG] debug-file - Update task entry:default@MergeProfile output file:C:\Users\Yancy\Desktop\SimpleCalculator-master\entry\build\default\intermediates\merge_profile\default\module.json cache.
[2026-06-02T20:00:54.010] [DEBUG] debug-file - Incremental task entry:default@MergeProfile post-execution cost:3 ms .
[2026-06-02T20:00:54.011] [DEBUG] debug-file - Update task entry:default@CreateBuildProfile input file:C:\Users\Yancy\Desktop\SimpleCalculator-master\AppScope\app.json5 cache by regenerate.
[2026-06-02T20:00:54.011] [DEBUG] debug-file - Update task entry:default@CreateBuildProfile input file:C:\Users\Yancy\Desktop\SimpleCalculator-master\build-profile.json5 cache by regenerate.
[2026-06-02T20:00:54.011] [DEBUG] debug-file - Update task entry:default@CreateBuildProfile output file:C:\Users\Yancy\Desktop\SimpleCalculator-master\entry\build\default\generated\profile\default\BuildProfile.ets cache.
[2026-06-02T20:00:54.011] [DEBUG] debug-file - Incremental task entry:default@CreateBuildProfile post-execution cost:1 ms .
[2026-06-02T20:00:54.011] [DEBUG] debug-file - Update task entry:default@GeneratePkgContextInfo output file:C:\Users\Yancy\Desktop\SimpleCalculator-master\entry\build\default\intermediates\loader\default\pkgContextInfo.json cache.
[2026-06-02T20:00:54.012] [DEBUG] debug-file - Incremental task entry:default@GeneratePkgContextInfo post-execution cost:1 ms .
[2026-06-02T20:00:54.012] [DEBUG] debug-file - Update task entry:default@ProcessIntegratedHsp output file:C:\Users\Yancy\Desktop\SimpleCalculator-master\build\cache\default\integrated_hsp\integratedHspCache.json cache.
[2026-06-02T20:00:54.012] [DEBUG] debug-file - Incremental task entry:default@ProcessIntegratedHsp post-execution cost:1 ms .
[2026-06-02T20:00:54.012] [DEBUG] debug-file - Update task entry:default@MakePackInfo input file:C:\Users\Yancy\Desktop\SimpleCalculator-master\AppScope\app.json5 cache by regenerate.
[2026-06-02T20:00:54.012] [DEBUG] debug-file - Update task entry:default@MakePackInfo input file:C:\Users\Yancy\Desktop\SimpleCalculator-master\entry\src\main\module.json5 cache by regenerate.
[2026-06-02T20:00:54.012] [DEBUG] debug-file - Update task entry:default@MakePackInfo input file:C:\Users\Yancy\Desktop\SimpleCalculator-master\build-profile.json5 cache by regenerate.
[2026-06-02T20:00:54.012] [DEBUG] debug-file - Update task entry:default@MakePackInfo output file:C:\Users\Yancy\Desktop\SimpleCalculator-master\entry\build\default\outputs\default\pack.info cache.
[2026-06-02T20:00:54.012] [DEBUG] debug-file - Incremental task entry:default@MakePackInfo post-execution cost:1 ms .
[2026-06-02T20:00:54.013] [DEBUG] debug-file - Update task entry:default@SyscapTransform input file:D:\DevEco Studio\sdk\default\openharmony\toolchains\syscap_tool.exe cache by regenerate.
[2026-06-02T20:00:54.013] [DEBUG] debug-file - Update task entry:default@SyscapTransform input file:D:\DevEco Studio\sdk\default\openharmony\ets\api\device-define cache by regenerate.
[2026-06-02T20:00:54.014] [DEBUG] debug-file - Update task entry:default@SyscapTransform output file:C:\Users\Yancy\Desktop\SimpleCalculator-master\entry\build\default\intermediates\syscap\default\rpcid.sc cache.
[2026-06-02T20:00:54.014] [DEBUG] debug-file - Incremental task entry:default@SyscapTransform post-execution cost:2 ms .
[2026-06-02T20:00:54.014] [DEBUG] debug-file - Update task entry:default@ProcessProfile input file:C:\Users\Yancy\Desktop\SimpleCalculator-master\entry\build\default\intermediates\merge_profile\default\module.json cache by regenerate.
[2026-06-02T20:00:54.014] [DEBUG] debug-file - Update task entry:default@ProcessProfile output file:C:\Users\Yancy\Desktop\SimpleCalculator-master\entry\build\default\intermediates\process_profile\default\module.json cache.
[2026-06-02T20:00:54.015] [DEBUG] debug-file - Incremental task entry:default@ProcessProfile post-execution cost:1 ms .
[2026-06-02T20:00:54.015] [DEBUG] debug-file - Update task entry:default@ProcessRouterMap input file:C:\Users\Yancy\Desktop\SimpleCalculator-master\entry\oh-package.json5 cache by regenerate.
[2026-06-02T20:00:54.015] [DEBUG] debug-file - Update task entry:default@ProcessRouterMap input file:C:\Users\Yancy\Desktop\SimpleCalculator-master\oh-package.json5 cache by regenerate.
[2026-06-02T20:00:54.015] [DEBUG] debug-file - Update task entry:default@ProcessRouterMap input file:C:\Users\Yancy\Desktop\SimpleCalculator-master\entry\src\main\module.json5 cache by regenerate.
[2026-06-02T20:00:54.016] [DEBUG] debug-file - Update task entry:default@ProcessRouterMap output file:C:\Users\Yancy\Desktop\SimpleCalculator-master\entry\build\default\intermediates\router_map\default\temp-router-map.json cache.
[2026-06-02T20:00:54.016] [DEBUG] debug-file - Update task entry:default@ProcessRouterMap output file:C:\Users\Yancy\Desktop\SimpleCalculator-master\entry\build\default\intermediates\router_map\default\loader-router-map.json cache.
[2026-06-02T20:00:54.016] [DEBUG] debug-file - Incremental task entry:default@ProcessRouterMap post-execution cost:2 ms .
[2026-06-02T20:00:54.016] [DEBUG] debug-file - Update task entry:default@ProcessShareConfig input file:C:\Users\Yancy\Desktop\SimpleCalculator-master\entry\oh-package.json5 cache by regenerate.
[2026-06-02T20:00:54.017] [DEBUG] debug-file - Update task entry:default@ProcessShareConfig input file:C:\Users\Yancy\Desktop\SimpleCalculator-master\oh-package.json5 cache by regenerate.
[2026-06-02T20:00:54.017] [DEBUG] debug-file - Update task entry:default@ProcessShareConfig input file:C:\Users\Yancy\Desktop\SimpleCalculator-master\entry\src\main\module.json5 cache by regenerate.
[2026-06-02T20:00:54.017] [DEBUG] debug-file - Update task entry:default@ProcessShareConfig output file:C:\Users\Yancy\Desktop\SimpleCalculator-master\entry\build\default\intermediates\share_config\default\temp-share-config.json cache.
[2026-06-02T20:00:54.017] [DEBUG] debug-file - Incremental task entry:default@ProcessShareConfig post-execution cost:2 ms .
[2026-06-02T20:00:54.018] [DEBUG] debug-file - Update task entry:default@ProcessStartupConfig output file:C:\Users\Yancy\Desktop\SimpleCalculator-master\entry\build\default\intermediates\startup\default\startup_config.json cache.
[2026-06-02T20:00:54.018] [DEBUG] debug-file - Incremental task entry:default@ProcessStartupConfig post-execution cost:1 ms .
[2026-06-02T20:00:54.018] [DEBUG] debug-file - Update task entry:default@ProcessResource output file:C:\Users\Yancy\Desktop\SimpleCalculator-master\entry\build\default\intermediates\res\default\resConfig.json cache.
[2026-06-02T20:00:54.018] [DEBUG] debug-file - Update task entry:default@ProcessResource output file:C:\Users\Yancy\Desktop\SimpleCalculator-master\entry\build\default\intermediates\res\default\opt-compression.json cache.
[2026-06-02T20:00:54.018] [DEBUG] debug-file - Incremental task entry:default@ProcessResource post-execution cost:1 ms .
[2026-06-02T20:00:54.019] [DEBUG] debug-file - Update task entry:default@GenerateLoaderJson input file:C:\Users\Yancy\Desktop\SimpleCalculator-master\entry\build\default\intermediates\router_map\default\temp-router-map.json cache by regenerate.
[2026-06-02T20:00:54.019] [DEBUG] debug-file - Update task entry:default@GenerateLoaderJson output file:C:\Users\Yancy\Desktop\SimpleCalculator-master\entry\build\default\intermediates\loader\default\loader.json cache.
[2026-06-02T20:00:54.019] [DEBUG] debug-file - Incremental task entry:default@GenerateLoaderJson post-execution cost:2 ms .
[2026-06-02T20:00:54.020] [DEBUG] debug-file - Update task entry:default@ProcessLibs input file:C:\Users\Yancy\Desktop\SimpleCalculator-master\build-profile.json5 cache by regenerate.
[2026-06-02T20:00:54.020] [DEBUG] debug-file - Update task entry:default@ProcessLibs input file:C:\Users\Yancy\Desktop\SimpleCalculator-master\entry\build-profile.json5 cache by regenerate.
[2026-06-02T20:00:54.022] [DEBUG] debug-file - Update task entry:default@ProcessLibs output file:C:\Users\Yancy\Desktop\SimpleCalculator-master\entry\build\default\intermediates\libs\default cache.
[2026-06-02T20:00:54.022] [DEBUG] debug-file - Incremental task entry:default@ProcessLibs post-execution cost:3 ms .
[2026-06-02T20:00:54.023] [DEBUG] debug-file - Update task entry:default@CompileResource input file:C:\Users\Yancy\Desktop\SimpleCalculator-master\entry\src\main\resources cache by regenerate.
[2026-06-02T20:00:54.027] [DEBUG] debug-file - Update task entry:default@CompileResource input file:C:\Users\Yancy\Desktop\SimpleCalculator-master\AppScope\resources cache by regenerate.
[2026-06-02T20:00:54.028] [DEBUG] debug-file - Update task entry:default@CompileResource input file:C:\Users\Yancy\Desktop\SimpleCalculator-master\entry\build\default\intermediates\process_profile\default\module.json cache by regenerate.
[2026-06-02T20:00:54.029] [DEBUG] debug-file - Update task entry:default@CompileResource input file:C:\Users\Yancy\Desktop\SimpleCalculator-master\entry\build\default\intermediates\res\default\resConfig.json cache by regenerate.
[2026-06-02T20:00:54.029] [DEBUG] debug-file - Update task entry:default@CompileResource output file:C:\Users\Yancy\Desktop\SimpleCalculator-master\entry\build\default\intermediates\res\default cache.
[2026-06-02T20:00:54.033] [DEBUG] debug-file - Update task entry:default@CompileResource output file:C:\Users\Yancy\Desktop\SimpleCalculator-master\entry\build\default\generated\r\default\ResourceTable.h cache.
[2026-06-02T20:00:54.033] [DEBUG] debug-file - Update task entry:default@CompileResource output file:C:\Users\Yancy\Desktop\SimpleCalculator-master\entry\build\default\generated\r\default cache.
[2026-06-02T20:00:54.034] [DEBUG] debug-file - Incremental task entry:default@CompileResource post-execution cost:12 ms .
[2026-06-02T20:00:54.034] [DEBUG] debug-file - Update task entry:default@DoNativeStrip input file:C:\Users\Yancy\Desktop\SimpleCalculator-master\entry\build\default\intermediates\libs\default cache by regenerate.
[2026-06-02T20:00:54.034] [DEBUG] debug-file - Update task entry:default@DoNativeStrip output file:C:\Users\Yancy\Desktop\SimpleCalculator-master\entry\build\default\intermediates\stripped_native_libs\default cache.
[2026-06-02T20:00:54.035] [DEBUG] debug-file - Incremental task entry:default@DoNativeStrip post-execution cost:1 ms .
[2026-06-02T20:00:54.036] [DEBUG] debug-file - Update task entry:default@CompileArkTS input file:C:\Users\Yancy\Desktop\SimpleCalculator-master\entry\build\default\intermediates\loader\default cache by regenerate.
[2026-06-02T20:00:54.037] [DEBUG] debug-file - Update task entry:default@CompileArkTS input file:C:\Users\Yancy\Desktop\SimpleCalculator-master\entry\build\default\intermediates\res\default\ResourceTable.txt cache by regenerate.
[2026-06-02T20:00:54.037] [DEBUG] debug-file - Update task entry:default@CompileArkTS input file:C:\Users\Yancy\Desktop\SimpleCalculator-master\entry\build\default\intermediates\res\default\ark_module.json cache by regenerate.
[2026-06-02T20:00:54.038] [DEBUG] debug-file - Update task entry:default@CompileArkTS input file:C:\Users\Yancy\Desktop\SimpleCalculator-master\entry\build\default\intermediates\res\default\resources\base\profile cache by regenerate.
[2026-06-02T20:00:54.039] [DEBUG] debug-file - Update task entry:default@CompileArkTS input file:C:\Users\Yancy\Desktop\SimpleCalculator-master\entry\src\main\ets cache by regenerate.
[2026-06-02T20:00:54.041] [DEBUG] debug-file - Update task entry:default@CompileArkTS input file:C:\Users\Yancy\Desktop\SimpleCalculator-master\entry\build\default\generated\profile\default\BuildProfile.ets cache by regenerate.
[2026-06-02T20:00:54.042] [DEBUG] debug-file - Update task entry:default@CompileArkTS output file:C:\Users\Yancy\Desktop\SimpleCalculator-master\entry\build\default\intermediates\loader_out\default\ets cache.
[2026-06-02T20:00:54.043] [DEBUG] debug-file - Incremental task entry:default@CompileArkTS post-execution cost:8 ms .
[2026-06-02T20:00:54.044] [DEBUG] debug-file - Update task entry:default@BuildJS input file:C:\Users\Yancy\Desktop\SimpleCalculator-master\entry\build\default\intermediates\loader\default cache by regenerate.
[2026-06-02T20:00:54.044] [DEBUG] debug-file - Update task entry:default@BuildJS input file:C:\Users\Yancy\Desktop\SimpleCalculator-master\entry\build\default\intermediates\res\default\ResourceTable.txt cache by regenerate.
[2026-06-02T20:00:54.045] [DEBUG] debug-file - Update task entry:default@BuildJS input file:C:\Users\Yancy\Desktop\SimpleCalculator-master\entry\build\default\intermediates\res\default\ark_module.json cache by regenerate.
[2026-06-02T20:00:54.045] [DEBUG] debug-file - Update task entry:default@BuildJS input file:C:\Users\Yancy\Desktop\SimpleCalculator-master\entry\build\default\intermediates\res\default\resources\base\profile cache by regenerate.
[2026-06-02T20:00:54.045] [DEBUG] debug-file - Update task entry:default@BuildJS output file:C:\Users\Yancy\Desktop\SimpleCalculator-master\entry\build\default\intermediates\loader_out\default\js cache.
[2026-06-02T20:00:54.046] [DEBUG] debug-file - Incremental task entry:default@BuildJS post-execution cost:4 ms .
[2026-06-02T20:00:54.046] [DEBUG] debug-file - Update task entry:default@CacheNativeLibs input file:C:\Users\Yancy\Desktop\SimpleCalculator-master\entry\build\default\intermediates\stripped_native_libs\default cache by regenerate.
[2026-06-02T20:00:54.046] [DEBUG] debug-file - Update task entry:default@CacheNativeLibs input file:C:\Users\Yancy\Desktop\SimpleCalculator-master\entry\build\default\intermediates\libs\default cache by regenerate.
[2026-06-02T20:00:54.047] [DEBUG] debug-file - Update task entry:default@CacheNativeLibs output file:C:\Users\Yancy\Desktop\SimpleCalculator-master\entry\build\default\intermediates\patch\default\base_native_libs.json cache.
[2026-06-02T20:00:54.047] [DEBUG] debug-file - Incremental task entry:default@CacheNativeLibs post-execution cost:1 ms .
[2026-06-02T20:00:54.047] [DEBUG] debug-file - Update task entry:default@GeneratePkgModuleJson input file:C:\Users\Yancy\Desktop\SimpleCalculator-master\entry\build\default\intermediates\res\default\module.json cache by regenerate.
[2026-06-02T20:00:54.047] [DEBUG] debug-file - Update task entry:default@GeneratePkgModuleJson output file:C:\Users\Yancy\Desktop\SimpleCalculator-master\entry\build\default\intermediates\package\default\module.json cache.
[2026-06-02T20:00:54.047] [DEBUG] debug-file - Incremental task entry:default@GeneratePkgModuleJson post-execution cost:1 ms .
[2026-06-02T20:00:54.047] [DEBUG] debug-file - Incremental task entry:default@ProcessCompiledResources post-execution cost:1 ms .
[2026-06-02T20:00:54.048] [DEBUG] debug-file - Update task entry:default@PackageHap input file:C:\Users\Yancy\Desktop\SimpleCalculator-master\entry\build\default\intermediates\stripped_native_libs\default cache by regenerate.
[2026-06-02T20:00:54.048] [DEBUG] debug-file - Update task entry:default@PackageHap input file:C:\Users\Yancy\Desktop\SimpleCalculator-master\entry\build\default\intermediates\res\default\module.json cache by regenerate.
[2026-06-02T20:00:54.048] [DEBUG] debug-file - Update task entry:default@PackageHap input file:C:\Users\Yancy\Desktop\SimpleCalculator-master\entry\build\default\intermediates\res\default\resources cache by regenerate.
[2026-06-02T20:00:54.050] [DEBUG] debug-file - Update task entry:default@PackageHap input file:C:\Users\Yancy\Desktop\SimpleCalculator-master\entry\build\default\intermediates\res\default\resources.index cache by regenerate.
[2026-06-02T20:00:54.050] [DEBUG] debug-file - Update task entry:default@PackageHap input file:C:\Users\Yancy\Desktop\SimpleCalculator-master\entry\build\default\outputs\default\pack.info cache by regenerate.
[2026-06-02T20:00:54.051] [DEBUG] debug-file - Update task entry:default@PackageHap input file:C:\Users\Yancy\Desktop\SimpleCalculator-master\entry\build\default\intermediates\loader_out\default\ets cache by regenerate.
[2026-06-02T20:00:54.051] [DEBUG] debug-file - Update task entry:default@PackageHap input file:C:\Users\Yancy\Desktop\SimpleCalculator-master\entry\build\default\intermediates\loader_out\default\ets\sourceMaps.map cache by regenerate.
[2026-06-02T20:00:54.051] [DEBUG] debug-file - Update task entry:default@PackageHap input file:C:\Users\Yancy\Desktop\SimpleCalculator-master\entry\build\default\generated\profile\default\BuildProfile.ets cache by regenerate.
[2026-06-02T20:00:54.052] [DEBUG] debug-file - Update task entry:default@PackageHap output file:C:\Users\Yancy\Desktop\SimpleCalculator-master\entry\build\default\outputs\default\entry-default-unsigned.hap cache.
[2026-06-02T20:00:54.052] [DEBUG] debug-file - Update task entry:default@PackageHap output file:C:\Users\Yancy\Desktop\SimpleCalculator-master\entry\build\default\intermediates\source_map\default\sourceMaps.map cache.
[2026-06-02T20:00:54.052] [DEBUG] debug-file - Update task entry:default@PackageHap output file:C:\Users\Yancy\Desktop\SimpleCalculator-master\entry\build\default\outputs\default\mapping\sourceMaps.map cache.
[2026-06-02T20:00:54.052] [DEBUG] debug-file - Incremental task entry:default@PackageHap post-execution cost:5 ms .
[2026-06-02T20:00:54.052] [DEBUG] debug-file - Update task entry:default@SignHap input file:C:\Users\Yancy\Desktop\SimpleCalculator-master\entry\build\default\outputs\default\entry-default-unsigned.hap cache by regenerate.
[2026-06-02T20:00:54.053] [DEBUG] debug-file - Update task entry:default@SignHap output file:C:\Users\Yancy\Desktop\SimpleCalculator-master\entry\build\default\outputs\default\entry-default-signed.hap cache.
[2026-06-02T20:00:54.053] [DEBUG] debug-file - Incremental task entry:default@SignHap post-execution cost:1 ms .
[2026-06-02T20:00:54.053] [DEBUG] debug-file - Update task entry:default@CollectDebugSymbol input file:C:\Users\Yancy\Desktop\SimpleCalculator-master\entry\build\default\intermediates\loader_out\default\ets\sourceMaps.map cache by regenerate.
[2026-06-02T20:00:54.053] [DEBUG] debug-file - Update task entry:default@CollectDebugSymbol input file:C:\Users\Yancy\Desktop\SimpleCalculator-master\entry\build\default\intermediates\libs\default cache by regenerate.
[2026-06-02T20:00:54.054] [DEBUG] debug-file - Update task entry:default@CollectDebugSymbol output file:C:\Users\Yancy\Desktop\SimpleCalculator-master\entry\build\default\outputs\default\symbol cache.
[2026-06-02T20:00:54.054] [DEBUG] debug-file - Incremental task entry:default@CollectDebugSymbol post-execution cost:1 ms .
[2026-06-02T20:00:54.085] [DEBUG] debug-file - Cleanup worker 0.
[2026-06-02T20:00:54.085] [DEBUG] debug-file - Worker 0 has been cleaned up.
[2026-06-02T20:00:54.085] [DEBUG] debug-file - Current idle worker size: 4.
[2026-06-02T20:00:54.085] [DEBUG] debug-file - Current resident worker size: 5.
[2026-06-02T20:00:54.085] [DEBUG] debug-file - Cleanup worker 1.
[2026-06-02T20:00:54.085] [DEBUG] debug-file - Worker 1 has been cleaned up.
[2026-06-02T20:00:54.085] [DEBUG] debug-file - Current idle worker size: 3.
[2026-06-02T20:00:54.085] [DEBUG] debug-file - Current resident worker size: 5.
[2026-06-02T20:00:54.085] [DEBUG] debug-file - Cleanup worker 22.
[2026-06-02T20:00:54.085] [DEBUG] debug-file - Worker 22 has been cleaned up.
[2026-06-02T20:00:54.085] [DEBUG] debug-file - Current idle worker size: 2.
[2026-06-02T20:00:54.085] [DEBUG] debug-file - Current resident worker size: 5.
[2026-06-02T20:00:54.085] [DEBUG] debug-file - Cleanup worker 21.
[2026-06-02T20:00:54.086] [DEBUG] debug-file - Worker 21 has been cleaned up.
[2026-06-02T20:00:54.086] [DEBUG] debug-file - Current idle worker size: 1.
[2026-06-02T20:00:54.086] [DEBUG] debug-file - Current resident worker size: 5.
[2026-06-02T20:00:54.087] [DEBUG] debug-file - hvigor build process will be closed.
[2026-06-02T20:00:54.088] [DEBUG] debug-file - java daemon socket close code:1000 reason:close by user
[2026-06-02T20:00:54.094] [DEBUG] debug-file - session manager: send message to worker process.
[2026-06-02T20:00:54.095] [DEBUG] debug-file - session manager: send message to worker process.
[2026-06-02T20:00:54.092] [DEBUG] debug-file - worker[0] exits with exit code 1.
[2026-06-02T20:00:54.092] [DEBUG] debug-file - worker[1] exits with exit code 1.
[2026-06-02T20:00:54.095] [DEBUG] debug-file - watch worker: worker id should be larger than 0. Nothing will be sent to any worker thread.
[2026-06-02T20:00:54.095] [DEBUG] debug-file - worker[22] exits with exit code 1.
[2026-06-02T20:00:54.096] [DEBUG] debug-file - watch worker: worker id should be larger than 0. Nothing will be sent to any worker thread.
[2026-06-02T20:00:54.096] [DEBUG] debug-file - worker[21] exits with exit code 1.
